# JRE version: Java(TM) SE Runtime Environment (8.0_121-b13) (build 1.8.0_121-b13)
# Java VM: Java HotSpot(TM) 64-Bit Server VM (25.121-b13 mixed mode windows-amd64 compressed oops)
Heap:
 PSYoungGen      total 207872K, used 165725K [0x00000000d5580000, 0x00000000e4800000, 0x0000000100000000)
  eden space 197120K, 84% used [0x00000000d5580000,0x00000000df757500,0x00000000e1600000)
  from space 10752K, 0% used [0x00000000e2380000,0x00000000e2380000,0x00000000e2e00000)
  to   space 13824K, 0% used [0x00000000e1600000,0x00000000e1600000,0x00000000e2380000)
 ParOldGen       total 49152K, used 18681K [0x0000000080000000, 0x0000000083000000, 0x00000000d5580000)
  object space 49152K, 38% used [0x0000000080000000,0x000000008123e438,0x0000000083000000)
 Metaspace       used 50817K, capacity 52558K, committed 53032K, reserved 1095680K
  class space    used 7044K, capacity 7364K, committed 7472K, reserved 1048576K
GC Heap History (10 events):
Event: 2.031 GC heap before
{Heap before GC invocations=6 (full 1):
 PSYoungGen      total 71680K, used 5113K [0x00000000d5580000, 0x00000000de780000, 0x0000000100000000)
  eden space 66560K, 0% used [0x00000000d5580000,0x00000000d5580000,0x00000000d9680000)
  from space 5120K, 99% used [0x00000000d9680000,0x00000000d9b7e428,0x00000000d9b80000)
  to   space 8192K, 0% used [0x00000000ddf80000,0x00000000ddf80000,0x00000000de780000)
 ParOldGen       total 87552K, used 4494K [0x0000000080000000, 0x0000000085580000, 0x00000000d5580000)
  object space 87552K, 5% used [0x0000000080000000,0x0000000080463a50,0x0000000085580000)
 Metaspace       used 20587K, capacity 21096K, committed 21296K, reserved 1067008K
  class space    used 2681K, capacity 2835K, committed 2864K, reserved 1048576K
Event: 2.063 GC heap after
Heap after GC invocations=6 (full 1):
 PSYoungGen      total 71680K, used 0K [0x00000000d5580000, 0x00000000de780000, 0x0000000100000000)
  eden space 66560K, 0% used [0x00000000d5580000,0x00000000d5580000,0x00000000d9680000)
  from space 5120K, 0% used [0x00000000d9680000,0x00000000d9680000,0x00000000d9b80000)
  to   space 8192K, 0% used [0x00000000ddf80000,0x00000000ddf80000,0x00000000de780000)
 ParOldGen       total 49152K, used 5804K [0x0000000080000000, 0x0000000083000000, 0x00000000d5580000)
  object space 49152K, 11% used [0x0000000080000000,0x00000000805ab320,0x0000000083000000)
 Metaspace       used 20587K, capacity 21096K, committed 21296K, reserved 1067008K
  class space    used 2681K, capacity 2835K, committed 2864K, reserved 1048576K
}
Event: 2.373 GC heap before
{Heap before GC invocations=7 (full 1):
 PSYoungGen      total 71680K, used 66522K [0x00000000d5580000, 0x00000000de780000, 0x0000000100000000)
  eden space 66560K, 99% used [0x00000000d5580000,0x00000000d9676af8,0x00000000d9680000)
  from space 5120K, 0% used [0x00000000d9680000,0x00000000d9680000,0x00000000d9b80000)
  to   space 8192K, 0% used [0x00000000ddf80000,0x00000000ddf80000,0x00000000de780000)
 ParOldGen       total 49152K, used 5804K [0x0000000080000000, 0x0000000083000000, 0x00000000d5580000)
  object space 49152K, 11% used [0x0000000080000000,0x00000000805ab320,0x0000000083000000)
 Metaspace       used 23686K, capacity 24378K, committed 24624K, reserved 1071104K
  class space    used 3094K, capacity 3260K, committed 3376K, reserved 1048576K
Event: 2.382 GC heap after
Heap after GC invocations=7 (full 1):
 PSYoungGen      total 121344K, used 4373K [0x00000000d5580000, 0x00000000de400000, 0x0000000100000000)
  eden space 116736K, 0% used [0x00000000d5580000,0x00000000d5580000,0x00000000dc780000)
  from space 4608K, 94% used [0x00000000ddf80000,0x00000000de3c5678,0x00000000de400000)
  to   space 8192K, 0% used [0x00000000dd400000,0x00000000dd400000,0x00000000ddc00000)
 ParOldGen       total 49152K, used 5812K [0x0000000080000000, 0x0000000083000000, 0x00000000d5580000)
  object space 49152K, 11% used [0x0000000080000000,0x00000000805ad320,0x0000000083000000)
 Metaspace       used 23686K, capacity 24378K, committed 24624K, reserved 1071104K
  class space    used 3094K, capacity 3260K, committed 3376K, reserved 1048576K
}
Event: 3.721 GC heap before
{Heap before GC invocations=8 (full 1):
 PSYoungGen      total 121344K, used 121109K [0x00000000d5580000, 0x00000000de400000, 0x0000000100000000)
  eden space 116736K, 100% used [0x00000000d5580000,0x00000000dc780000,0x00000000dc780000)
  from space 4608K, 94% used [0x00000000ddf80000,0x00000000de3c5678,0x00000000de400000)
  to   space 8192K, 0% used [0x00000000dd400000,0x00000000dd400000,0x00000000ddc00000)
 ParOldGen       total 49152K, used 5812K [0x0000000080000000, 0x0000000083000000, 0x00000000d5580000)
  object space 49152K, 11% used [0x0000000080000000,0x00000000805ad320,0x0000000083000000)
 Metaspace       used 30381K, capacity 31808K, committed 32048K, reserved 1077248K
  class space    used 4022K, capacity 4307K, committed 4400K, reserved 1048576K
Event: 3.739 GC heap after
Heap after GC invocations=8 (full 1):
 PSYoungGen      total 137728K, used 8191K [0x00000000d5580000, 0x00000000e2e00000, 0x0000000100000000)
  eden space 129536K, 0% used [0x00000000d5580000,0x00000000d5580000,0x00000000dd400000)
  from space 8192K, 99% used [0x00000000dd400000,0x00000000ddbffc88,0x00000000ddc00000)
  to   space 10752K, 0% used [0x00000000e2380000,0x00000000e2380000,0x00000000e2e00000)
 ParOldGen       total 49152K, used 9117K [0x0000000080000000, 0x0000000083000000, 0x00000000d5580000)
  object space 49152K, 18% used [0x0000000080000000,0x00000000808e7530,0x0000000083000000)
 Metaspace       used 30381K, capacity 31808K, committed 32048K, reserved 1077248K
  class space    used 4022K, capacity 4307K, committed 4400K, reserved 1048576K
}
Event: 4.382 GC heap before
{Heap before GC invocations=9 (full 1):
 PSYoungGen      total 137728K, used 85304K [0x00000000d5580000, 0x00000000e2e00000, 0x0000000100000000)
  eden space 129536K, 59% used [0x00000000d5580000,0x00000000da0ce3f0,0x00000000dd400000)
  from space 8192K, 99% used [0x00000000dd400000,0x00000000ddbffc88,0x00000000ddc00000)
  to   space 10752K, 0% used [0x00000000e2380000,0x00000000e2380000,0x00000000e2e00000)
 ParOldGen       total 49152K, used 9117K [0x0000000080000000, 0x0000000083000000, 0x00000000d5580000)
  object space 49152K, 18% used [0x0000000080000000,0x00000000808e7530,0x0000000083000000)
 Metaspace       used 33901K, capacity 35376K, committed 35496K, reserved 1079296K
  class space    used 4445K, capacity 4735K, committed 4784K, reserved 1048576K
Event: 4.402 GC heap after
Heap after GC invocations=9 (full 1):
 PSYoungGen      total 207872K, used 10748K [0x00000000d5580000, 0x00000000e4800000, 0x0000000100000000)
  eden space 197120K, 0% used [0x00000000d5580000,0x00000000d5580000,0x00000000e1600000)
  from space 10752K, 99% used [0x00000000e2380000,0x00000000e2dff148,0x00000000e2e00000)
  to   space 13824K, 0% used [0x00000000e1600000,0x00000000e1600000,0x00000000e2380000)
 ParOldGen       total 49152K, used 12898K [0x0000000080000000, 0x0000000083000000, 0x00000000d5580000)
  object space 49152K, 26% used [0x0000000080000000,0x0000000080c98bf0,0x0000000083000000)
 Metaspace       used 33901K, capacity 35376K, committed 35496K, reserved 1079296K
  class space    used 4445K, capacity 4735K, committed 4784K, reserved 1048576K
}
Event: 4.402 GC heap before
{Heap before GC invocations=10 (full 2):
 PSYoungGen      total 207872K, used 10748K [0x00000000d5580000, 0x00000000e4800000, 0x0000000100000000)
  eden space 197120K, 0% used [0x00000000d5580000,0x00000000d5580000,0x00000000e1600000)
  from space 10752K, 99% used [0x00000000e2380000,0x00000000e2dff148,0x00000000e2e00000)
  to   space 13824K, 0% used [0x00000000e1600000,0x00000000e1600000,0x00000000e2380000)
 ParOldGen       total 49152K, used 12898K [0x0000000080000000, 0x0000000083000000, 0x00000000d5580000)
  object space 49152K, 26% used [0x0000000080000000,0x0000000080c98bf0,0x0000000083000000)
 Metaspace       used 33901K, capacity 35376K, committed 35496K, reserved 1079296K
  class space    used 4445K, capacity 4735K, committed 4784K, reserved 1048576K
Event: 4.491 GC heap after
Heap after GC invocations=10 (full 2):
 PSYoungGen      total 207872K, used 0K [0x00000000d5580000, 0x00000000e4800000, 0x0000000100000000)
  eden space 197120K, 0% used [0x00000000d5580000,0x00000000d5580000,0x00000000e1600000)
  from space 10752K, 0% used [0x00000000e2380000,0x00000000e2380000,0x00000000e2e00000)
  to   space 13824K, 0% used [0x00000000e1600000,0x00000000e1600000,0x00000000e2380000)
 ParOldGen       total 49152K, used 18681K [0x0000000080000000, 0x0000000083000000, 0x00000000d5580000)
  object space 49152K, 38% used [0x0000000080000000,0x000000008123e438,0x0000000083000000)
 Metaspace       used 33901K, capacity 35376K, committed 35496K, reserved 1079296K
  class space    used 4445K, capacity 4735K, committed 4784K, reserved 1048576K
}

