# JRE version: Java(TM) SE Runtime Environment (8.0_121-b13) (build 1.8.0_121-b13)
# Java VM: Java HotSpot(TM) 64-Bit Server VM (25.121-b13 mixed mode windows-amd64 compressed oops)
Heap:
 PSYoungGen      total 193024K, used 117585K [0x00000000d5580000, 0x00000000e3d80000, 0x0000000100000000)
  eden space 179712K, 58% used [0x00000000d5580000,0x00000000dbb565d0,0x00000000e0500000)
  from space 13312K, 99% used [0x00000000e0500000,0x00000000e11fdff8,0x00000000e1200000)
  to   space 10240K, 0% used [0x00000000e1200000,0x00000000e1200000,0x00000000e1c00000)
 ParOldGen       total 89088K, used 26147K [0x0000000080000000, 0x0000000085700000, 0x00000000d5580000)
  object space 89088K, 29% used [0x0000000080000000,0x0000000081988dd8,0x0000000085700000)
 Metaspace       used 55329K, capacity 57640K, committed 57768K, reserved 1099776K
  class space    used 7681K, capacity 8081K, committed 8104K, reserved 1048576K
GC Heap History (10 events):
Event: 2.523 GC heap before
{Heap before GC invocations=7 (full 1):
 PSYoungGen      total 71680K, used 66560K [0x00000000d5580000, 0x00000000de780000, 0x0000000100000000)
  eden space 66560K, 100% used [0x00000000d5580000,0x00000000d9680000,0x00000000d9680000)
  from space 5120K, 0% used [0x00000000d9680000,0x00000000d9680000,0x00000000d9b80000)
  to   space 8192K, 0% used [0x00000000ddf80000,0x00000000ddf80000,0x00000000de780000)
 ParOldGen       total 53248K, used 6637K [0x0000000080000000, 0x0000000083400000, 0x00000000d5580000)
  object space 53248K, 12% used [0x0000000080000000,0x000000008067b500,0x0000000083400000)
 Metaspace       used 23899K, capacity 24636K, committed 24832K, reserved 1071104K
  class space    used 3119K, capacity 3325K, committed 3328K, reserved 1048576K
Event: 2.533 GC heap after
Heap after GC invocations=7 (full 1):
 PSYoungGen      total 116224K, used 4574K [0x00000000d5580000, 0x00000000de400000, 0x0000000100000000)
  eden space 111616K, 0% used [0x00000000d5580000,0x00000000d5580000,0x00000000dc280000)
  from space 4608K, 99% used [0x00000000ddf80000,0x00000000de3f7990,0x00000000de400000)
  to   space 8192K, 0% used [0x00000000dd400000,0x00000000dd400000,0x00000000ddc00000)
 ParOldGen       total 53248K, used 6709K [0x0000000080000000, 0x0000000083400000, 0x00000000d5580000)
  object space 53248K, 12% used [0x0000000080000000,0x000000008068d510,0x0000000083400000)
 Metaspace       used 23899K, capacity 24636K, committed 24832K, reserved 1071104K
  class space    used 3119K, capacity 3325K, committed 3328K, reserved 1048576K
}
Event: 3.741 GC heap before
{Heap before GC invocations=8 (full 1):
 PSYoungGen      total 116224K, used 116190K [0x00000000d5580000, 0x00000000de400000, 0x0000000100000000)
  eden space 111616K, 100% used [0x00000000d5580000,0x00000000dc280000,0x00000000dc280000)
  from space 4608K, 99% used [0x00000000ddf80000,0x00000000de3f7990,0x00000000de400000)
  to   space 8192K, 0% used [0x00000000dd400000,0x00000000dd400000,0x00000000ddc00000)
 ParOldGen       total 53248K, used 6709K [0x0000000080000000, 0x0000000083400000, 0x00000000d5580000)
  object space 53248K, 12% used [0x0000000080000000,0x000000008068d510,0x0000000083400000)
 Metaspace       used 29895K, capacity 30952K, committed 31104K, reserved 1077248K
  class space    used 3932K, capacity 4167K, committed 4224K, reserved 1048576K
Event: 3.760 GC heap after
Heap after GC invocations=8 (full 1):
 PSYoungGen      total 137728K, used 8188K [0x00000000d5580000, 0x00000000e1c00000, 0x0000000100000000)
  eden space 129536K, 0% used [0x00000000d5580000,0x00000000d5580000,0x00000000dd400000)
  from space 8192K, 99% used [0x00000000dd400000,0x00000000ddbff100,0x00000000ddc00000)
  to   space 10240K, 0% used [0x00000000e1200000,0x00000000e1200000,0x00000000e1c00000)
 ParOldGen       total 53248K, used 9078K [0x0000000080000000, 0x0000000083400000, 0x00000000d5580000)
  object space 53248K, 17% used [0x0000000080000000,0x00000000808ddbf8,0x0000000083400000)
 Metaspace       used 29895K, capacity 30952K, committed 31104K, reserved 1077248K
  class space    used 3932K, capacity 4167K, committed 4224K, reserved 1048576K
}
Event: 4.553 GC heap before
{Heap before GC invocations=9 (full 1):
 PSYoungGen      total 137728K, used 105812K [0x00000000d5580000, 0x00000000e1c00000, 0x0000000100000000)
  eden space 129536K, 75% used [0x00000000d5580000,0x00000000db4d6070,0x00000000dd400000)
  from space 8192K, 99% used [0x00000000dd400000,0x00000000ddbff100,0x00000000ddc00000)
  to   space 10240K, 0% used [0x00000000e1200000,0x00000000e1200000,0x00000000e1c00000)
 ParOldGen       total 53248K, used 9078K [0x0000000080000000, 0x0000000083400000, 0x00000000d5580000)
  object space 53248K, 17% used [0x0000000080000000,0x00000000808ddbf8,0x0000000083400000)
 Metaspace       used 33935K, capacity 35402K, committed 35496K, reserved 1079296K
  class space    used 4449K, capacity 4766K, committed 4776K, reserved 1048576K
Event: 4.572 GC heap after
Heap after GC invocations=9 (full 1):
 PSYoungGen      total 189952K, used 10215K [0x00000000d5580000, 0x00000000e3d80000, 0x0000000100000000)
  eden space 179712K, 0% used [0x00000000d5580000,0x00000000d5580000,0x00000000e0500000)
  from space 10240K, 99% used [0x00000000e1200000,0x00000000e1bf9ff0,0x00000000e1c00000)
  to   space 13312K, 0% used [0x00000000e0500000,0x00000000e0500000,0x00000000e1200000)
 ParOldGen       total 53248K, used 13427K [0x0000000080000000, 0x0000000083400000, 0x00000000d5580000)
  object space 53248K, 25% used [0x0000000080000000,0x0000000080d1cc60,0x0000000083400000)
 Metaspace       used 33935K, capacity 35402K, committed 35496K, reserved 1079296K
  class space    used 4449K, capacity 4766K, committed 4776K, reserved 1048576K
}
Event: 4.572 GC heap before
{Heap before GC invocations=10 (full 2):
 PSYoungGen      total 189952K, used 10215K [0x00000000d5580000, 0x00000000e3d80000, 0x0000000100000000)
  eden space 179712K, 0% used [0x00000000d5580000,0x00000000d5580000,0x00000000e0500000)
  from space 10240K, 99% used [0x00000000e1200000,0x00000000e1bf9ff0,0x00000000e1c00000)
  to   space 13312K, 0% used [0x00000000e0500000,0x00000000e0500000,0x00000000e1200000)
 ParOldGen       total 53248K, used 13427K [0x0000000080000000, 0x0000000083400000, 0x00000000d5580000)
  object space 53248K, 25% used [0x0000000080000000,0x0000000080d1cc60,0x0000000083400000)
 Metaspace       used 33935K, capacity 35402K, committed 35496K, reserved 1079296K
  class space    used 4449K, capacity 4766K, committed 4776K, reserved 1048576K
Event: 4.660 GC heap after
Heap after GC invocations=10 (full 2):
 PSYoungGen      total 189952K, used 0K [0x00000000d5580000, 0x00000000e3d80000, 0x0000000100000000)
  eden space 179712K, 0% used [0x00000000d5580000,0x00000000d5580000,0x00000000e0500000)
  from space 10240K, 0% used [0x00000000e1200000,0x00000000e1200000,0x00000000e1c00000)
  to   space 13312K, 0% used [0x00000000e0500000,0x00000000e0500000,0x00000000e1200000)
 ParOldGen       total 89088K, used 18759K [0x0000000080000000, 0x0000000085700000, 0x00000000d5580000)
  object space 89088K, 21% used [0x0000000080000000,0x0000000081251c68,0x0000000085700000)
 Metaspace       used 33935K, capacity 35402K, committed 35496K, reserved 1079296K
  class space    used 4449K, capacity 4766K, committed 4776K, reserved 1048576K
}
Event: 7.517 GC heap before
{Heap before GC invocations=11 (full 2):
 PSYoungGen      total 189952K, used 179712K [0x00000000d5580000, 0x00000000e3d80000, 0x0000000100000000)
  eden space 179712K, 100% used [0x00000000d5580000,0x00000000e0500000,0x00000000e0500000)
  from space 10240K, 0% used [0x00000000e1200000,0x00000000e1200000,0x00000000e1c00000)
  to   space 13312K, 0% used [0x00000000e0500000,0x00000000e0500000,0x00000000e1200000)
 ParOldGen       total 89088K, used 18759K [0x0000000080000000, 0x0000000085700000, 0x00000000d5580000)
  object space 89088K, 21% used [0x0000000080000000,0x0000000081251c68,0x0000000085700000)
 Metaspace       used 51925K, capacity 53710K, committed 53928K, reserved 1095680K
  class space    used 7177K, capacity 7508K, committed 7592K, reserved 1048576K
Event: 7.547 GC heap after
Heap after GC invocations=11 (full 2):
 PSYoungGen      total 193024K, used 13303K [0x00000000d5580000, 0x00000000e3d80000, 0x0000000100000000)
  eden space 179712K, 0% used [0x00000000d5580000,0x00000000d5580000,0x00000000e0500000)
  from space 13312K, 99% used [0x00000000e0500000,0x00000000e11fdff8,0x00000000e1200000)
  to   space 10240K, 0% used [0x00000000e1200000,0x00000000e1200000,0x00000000e1c00000)
 ParOldGen       total 89088K, used 26147K [0x0000000080000000, 0x0000000085700000, 0x00000000d5580000)
  object space 89088K, 29% used [0x0000000080000000,0x0000000081988dd8,0x0000000085700000)
 Metaspace       used 51925K, capacity 53710K, committed 53928K, reserved 1095680K
  class space    used 7177K, capacity 7508K, committed 7592K, reserved 1048576K
}

