# JRE version: Java(TM) SE Runtime Environment (8.0_121-b13) (build 1.8.0_121-b13)
# Java VM: Java HotSpot(TM) 64-Bit Server VM (25.121-b13 mixed mode windows-amd64 compressed oops)
Heap:
 PSYoungGen      total 186880K, used 22973K [0x00000000d5580000, 0x00000000e3a00000, 0x0000000100000000)
  eden space 173568K, 5% used [0x00000000d5580000,0x00000000d5ef3640,0x00000000dff00000)
  from space 13312K, 99% used [0x00000000dff00000,0x00000000e0bfc0d8,0x00000000e0c00000)
  to   space 10240K, 0% used [0x00000000e0c00000,0x00000000e0c00000,0x00000000e1600000)
 ParOldGen       total 54272K, used 25540K [0x0000000080000000, 0x0000000083500000, 0x00000000d5580000)
  object space 54272K, 47% used [0x0000000080000000,0x00000000818f13d0,0x0000000083500000)
 Metaspace       used 51372K, capacity 53182K, committed 53544K, reserved 1099776K
  class space    used 7124K, capacity 7440K, committed 7464K, reserved 1048576K
GC Heap History (10 events):
Event: 2.646 GC heap before
{Heap before GC invocations=7 (full 1):
 PSYoungGen      total 71680K, used 66502K [0x00000000d5580000, 0x00000000de780000, 0x0000000100000000)
  eden space 66560K, 99% used [0x00000000d5580000,0x00000000d9671ab8,0x00000000d9680000)
  from space 5120K, 0% used [0x00000000d9680000,0x00000000d9680000,0x00000000d9b80000)
  to   space 8192K, 0% used [0x00000000ddf80000,0x00000000ddf80000,0x00000000de780000)
 ParOldGen       total 54272K, used 6849K [0x0000000080000000, 0x0000000083500000, 0x00000000d5580000)
  object space 54272K, 12% used [0x0000000080000000,0x00000000806b07f0,0x0000000083500000)
 Metaspace       used 23876K, capacity 24572K, committed 24576K, reserved 1071104K
  class space    used 3116K, capacity 3325K, committed 3328K, reserved 1048576K
Event: 2.654 GC heap after
Heap after GC invocations=7 (full 1):
 PSYoungGen      total 114176K, used 4561K [0x00000000d5580000, 0x00000000de400000, 0x0000000100000000)
  eden space 109568K, 0% used [0x00000000d5580000,0x00000000d5580000,0x00000000dc080000)
  from space 4608K, 98% used [0x00000000ddf80000,0x00000000de3f45f8,0x00000000de400000)
  to   space 8192K, 0% used [0x00000000dd400000,0x00000000dd400000,0x00000000ddc00000)
 ParOldGen       total 54272K, used 6857K [0x0000000080000000, 0x0000000083500000, 0x00000000d5580000)
  object space 54272K, 12% used [0x0000000080000000,0x00000000806b27f0,0x0000000083500000)
 Metaspace       used 23876K, capacity 24572K, committed 24576K, reserved 1071104K
  class space    used 3116K, capacity 3325K, committed 3328K, reserved 1048576K
}
Event: 3.775 GC heap before
{Heap before GC invocations=8 (full 1):
 PSYoungGen      total 114176K, used 114129K [0x00000000d5580000, 0x00000000de400000, 0x0000000100000000)
  eden space 109568K, 100% used [0x00000000d5580000,0x00000000dc080000,0x00000000dc080000)
  from space 4608K, 98% used [0x00000000ddf80000,0x00000000de3f45f8,0x00000000de400000)
  to   space 8192K, 0% used [0x00000000dd400000,0x00000000dd400000,0x00000000ddc00000)
 ParOldGen       total 54272K, used 6857K [0x0000000080000000, 0x0000000083500000, 0x00000000d5580000)
  object space 54272K, 12% used [0x0000000080000000,0x00000000806b27f0,0x0000000083500000)
 Metaspace       used 29832K, capacity 30948K, committed 31104K, reserved 1077248K
  class space    used 3929K, capacity 4167K, committed 4224K, reserved 1048576K
Event: 3.791 GC heap after
Heap after GC invocations=8 (full 1):
 PSYoungGen      total 137728K, used 8174K [0x00000000d5580000, 0x00000000e1600000, 0x0000000100000000)
  eden space 129536K, 0% used [0x00000000d5580000,0x00000000d5580000,0x00000000dd400000)
  from space 8192K, 99% used [0x00000000dd400000,0x00000000ddbfb858,0x00000000ddc00000)
  to   space 10240K, 0% used [0x00000000e0c00000,0x00000000e0c00000,0x00000000e1600000)
 ParOldGen       total 54272K, used 9284K [0x0000000080000000, 0x0000000083500000, 0x00000000d5580000)
  object space 54272K, 17% used [0x0000000080000000,0x00000000809111d8,0x0000000083500000)
 Metaspace       used 29832K, capacity 30948K, committed 31104K, reserved 1077248K
  class space    used 3929K, capacity 4167K, committed 4224K, reserved 1048576K
}
Event: 4.791 GC heap before
{Heap before GC invocations=9 (full 1):
 PSYoungGen      total 137728K, used 105280K [0x00000000d5580000, 0x00000000e1600000, 0x0000000100000000)
  eden space 129536K, 74% used [0x00000000d5580000,0x00000000db454930,0x00000000dd400000)
  from space 8192K, 99% used [0x00000000dd400000,0x00000000ddbfb858,0x00000000ddc00000)
  to   space 10240K, 0% used [0x00000000e0c00000,0x00000000e0c00000,0x00000000e1600000)
 ParOldGen       total 54272K, used 9284K [0x0000000080000000, 0x0000000083500000, 0x00000000d5580000)
  object space 54272K, 17% used [0x0000000080000000,0x00000000809111d8,0x0000000083500000)
 Metaspace       used 33943K, capacity 35402K, committed 35496K, reserved 1079296K
  class space    used 4455K, capacity 4766K, committed 4776K, reserved 1048576K
Event: 4.813 GC heap after
Heap after GC invocations=9 (full 1):
 PSYoungGen      total 183808K, used 10235K [0x00000000d5580000, 0x00000000e3a00000, 0x0000000100000000)
  eden space 173568K, 0% used [0x00000000d5580000,0x00000000d5580000,0x00000000dff00000)
  from space 10240K, 99% used [0x00000000e0c00000,0x00000000e15feed0,0x00000000e1600000)
  to   space 13312K, 0% used [0x00000000dff00000,0x00000000dff00000,0x00000000e0c00000)
 ParOldGen       total 54272K, used 13617K [0x0000000080000000, 0x0000000083500000, 0x00000000d5580000)
  object space 54272K, 25% used [0x0000000080000000,0x0000000080d4c600,0x0000000083500000)
 Metaspace       used 33943K, capacity 35402K, committed 35496K, reserved 1079296K
  class space    used 4455K, capacity 4766K, committed 4776K, reserved 1048576K
}
Event: 4.813 GC heap before
{Heap before GC invocations=10 (full 2):
 PSYoungGen      total 183808K, used 10235K [0x00000000d5580000, 0x00000000e3a00000, 0x0000000100000000)
  eden space 173568K, 0% used [0x00000000d5580000,0x00000000d5580000,0x00000000dff00000)
  from space 10240K, 99% used [0x00000000e0c00000,0x00000000e15feed0,0x00000000e1600000)
  to   space 13312K, 0% used [0x00000000dff00000,0x00000000dff00000,0x00000000e0c00000)
 ParOldGen       total 54272K, used 13617K [0x0000000080000000, 0x0000000083500000, 0x00000000d5580000)
  object space 54272K, 25% used [0x0000000080000000,0x0000000080d4c600,0x0000000083500000)
 Metaspace       used 33943K, capacity 35402K, committed 35496K, reserved 1079296K
  class space    used 4455K, capacity 4766K, committed 4776K, reserved 1048576K
Event: 4.946 GC heap after
Heap after GC invocations=10 (full 2):
 PSYoungGen      total 183808K, used 0K [0x00000000d5580000, 0x00000000e3a00000, 0x0000000100000000)
  eden space 173568K, 0% used [0x00000000d5580000,0x00000000d5580000,0x00000000dff00000)
  from space 10240K, 0% used [0x00000000e0c00000,0x00000000e0c00000,0x00000000e1600000)
  to   space 13312K, 0% used [0x00000000dff00000,0x00000000dff00000,0x00000000e0c00000)
 ParOldGen       total 54272K, used 18804K [0x0000000080000000, 0x0000000083500000, 0x00000000d5580000)
  object space 54272K, 34% used [0x0000000080000000,0x000000008125d048,0x0000000083500000)
 Metaspace       used 33943K, capacity 35402K, committed 35496K, reserved 1079296K
  class space    used 4455K, capacity 4766K, committed 4776K, reserved 1048576K
}
Event: 7.696 GC heap before
{Heap before GC invocations=11 (full 2):
 PSYoungGen      total 183808K, used 173568K [0x00000000d5580000, 0x00000000e3a00000, 0x0000000100000000)
  eden space 173568K, 100% used [0x00000000d5580000,0x00000000dff00000,0x00000000dff00000)
  from space 10240K, 0% used [0x00000000e0c00000,0x00000000e0c00000,0x00000000e1600000)
  to   space 13312K, 0% used [0x00000000dff00000,0x00000000dff00000,0x00000000e0c00000)
 ParOldGen       total 54272K, used 18804K [0x0000000080000000, 0x0000000083500000, 0x00000000d5580000)
  object space 54272K, 34% used [0x0000000080000000,0x000000008125d048,0x0000000083500000)
 Metaspace       used 51129K, capacity 52918K, committed 53288K, reserved 1099776K
  class space    used 7088K, capacity 7398K, committed 7464K, reserved 1048576K
Event: 7.724 GC heap after
Heap after GC invocations=11 (full 2):
 PSYoungGen      total 186880K, used 13296K [0x00000000d5580000, 0x00000000e3a00000, 0x0000000100000000)
  eden space 173568K, 0% used [0x00000000d5580000,0x00000000d5580000,0x00000000dff00000)
  from space 13312K, 99% used [0x00000000dff00000,0x00000000e0bfc0d8,0x00000000e0c00000)
  to   space 10240K, 0% used [0x00000000e0c00000,0x00000000e0c00000,0x00000000e1600000)
 ParOldGen       total 54272K, used 25540K [0x0000000080000000, 0x0000000083500000, 0x00000000d5580000)
  object space 54272K, 47% used [0x0000000080000000,0x00000000818f13d0,0x0000000083500000)
 Metaspace       used 51129K, capacity 52918K, committed 53288K, reserved 1099776K
  class space    used 7088K, capacity 7398K, committed 7464K, reserved 1048576K
}

