# JRE version: Java(TM) SE Runtime Environment (8.0_121-b13) (build 1.8.0_121-b13)
# Java VM: Java HotSpot(TM) 64-Bit Server VM (25.121-b13 mixed mode windows-amd64 compressed oops)
Heap:
 PSYoungGen      total 190464K, used 37458K [0x00000000d5580000, 0x00000000e5680000, 0x0000000100000000)
  eden space 176640K, 13% used [0x00000000d5580000,0x00000000d6c9c170,0x00000000e0200000)
  from space 13824K, 99% used [0x00000000e0200000,0x00000000e0f789b0,0x00000000e0f80000)
  to   space 17920K, 0% used [0x00000000e4500000,0x00000000e4500000,0x00000000e5680000)
 ParOldGen       total 88576K, used 25098K [0x0000000080000000, 0x0000000085680000, 0x00000000d5580000)
  object space 88576K, 28% used [0x0000000080000000,0x0000000081882ad0,0x0000000085680000)
 Metaspace       used 53436K, capacity 55648K, committed 55720K, reserved 1097728K
  class space    used 7413K, capacity 7823K, committed 7848K, reserved 1048576K
GC Heap History (10 events):
Event: 2.389 GC heap before
{Heap before GC invocations=7 (full 1):
 PSYoungGen      total 71680K, used 66551K [0x00000000d5580000, 0x00000000de780000, 0x0000000100000000)
  eden space 66560K, 99% used [0x00000000d5580000,0x00000000d967dc18,0x00000000d9680000)
  from space 5120K, 0% used [0x00000000d9680000,0x00000000d9680000,0x00000000d9b80000)
  to   space 8192K, 0% used [0x00000000ddf80000,0x00000000ddf80000,0x00000000de780000)
 ParOldGen       total 53760K, used 6947K [0x0000000080000000, 0x0000000083480000, 0x00000000d5580000)
  object space 53760K, 12% used [0x0000000080000000,0x00000000806c8ee0,0x0000000083480000)
 Metaspace       used 23787K, capacity 24466K, committed 24576K, reserved 1071104K
  class space    used 3113K, capacity 3318K, committed 3328K, reserved 1048576K
Event: 2.395 GC heap after
Heap after GC invocations=7 (full 1):
 PSYoungGen      total 115200K, used 4362K [0x00000000d5580000, 0x00000000de400000, 0x0000000100000000)
  eden space 110592K, 0% used [0x00000000d5580000,0x00000000d5580000,0x00000000dc180000)
  from space 4608K, 94% used [0x00000000ddf80000,0x00000000de3c2a30,0x00000000de400000)
  to   space 8192K, 0% used [0x00000000dd400000,0x00000000dd400000,0x00000000ddc00000)
 ParOldGen       total 53760K, used 6955K [0x0000000080000000, 0x0000000083480000, 0x00000000d5580000)
  object space 53760K, 12% used [0x0000000080000000,0x00000000806caee0,0x0000000083480000)
 Metaspace       used 23787K, capacity 24466K, committed 24576K, reserved 1071104K
  class space    used 3113K, capacity 3318K, committed 3328K, reserved 1048576K
}
Event: 3.582 GC heap before
{Heap before GC invocations=8 (full 1):
 PSYoungGen      total 115200K, used 114954K [0x00000000d5580000, 0x00000000de400000, 0x0000000100000000)
  eden space 110592K, 100% used [0x00000000d5580000,0x00000000dc180000,0x00000000dc180000)
  from space 4608K, 94% used [0x00000000ddf80000,0x00000000de3c2a30,0x00000000de400000)
  to   space 8192K, 0% used [0x00000000dd400000,0x00000000dd400000,0x00000000ddc00000)
 ParOldGen       total 53760K, used 6955K [0x0000000080000000, 0x0000000083480000, 0x00000000d5580000)
  object space 53760K, 12% used [0x0000000080000000,0x00000000806caee0,0x0000000083480000)
 Metaspace       used 29973K, capacity 31090K, committed 31360K, reserved 1077248K
  class space    used 3937K, capacity 4168K, committed 4224K, reserved 1048576K
Event: 3.597 GC heap after
Heap after GC invocations=8 (full 1):
 PSYoungGen      total 137728K, used 8169K [0x00000000d5580000, 0x00000000e1a00000, 0x0000000100000000)
  eden space 129536K, 0% used [0x00000000d5580000,0x00000000d5580000,0x00000000dd400000)
  from space 8192K, 99% used [0x00000000dd400000,0x00000000ddbfa610,0x00000000ddc00000)
  to   space 10752K, 0% used [0x00000000e0f80000,0x00000000e0f80000,0x00000000e1a00000)
 ParOldGen       total 53760K, used 9538K [0x0000000080000000, 0x0000000083480000, 0x00000000d5580000)
  object space 53760K, 17% used [0x0000000080000000,0x0000000080950a88,0x0000000083480000)
 Metaspace       used 29973K, capacity 31090K, committed 31360K, reserved 1077248K
  class space    used 3937K, capacity 4168K, committed 4224K, reserved 1048576K
}
Event: 4.552 GC heap before
{Heap before GC invocations=9 (full 1):
 PSYoungGen      total 137728K, used 102279K [0x00000000d5580000, 0x00000000e1a00000, 0x0000000100000000)
  eden space 129536K, 72% used [0x00000000d5580000,0x00000000db1675f0,0x00000000dd400000)
  from space 8192K, 99% used [0x00000000dd400000,0x00000000ddbfa610,0x00000000ddc00000)
  to   space 10752K, 0% used [0x00000000e0f80000,0x00000000e0f80000,0x00000000e1a00000)
 ParOldGen       total 53760K, used 9538K [0x0000000080000000, 0x0000000083480000, 0x00000000d5580000)
  object space 53760K, 17% used [0x0000000080000000,0x0000000080950a88,0x0000000083480000)
 Metaspace       used 33883K, capacity 35402K, committed 35496K, reserved 1079296K
  class space    used 4443K, capacity 4766K, committed 4776K, reserved 1048576K
Event: 4.583 GC heap after
Heap after GC invocations=9 (full 1):
 PSYoungGen      total 187392K, used 10744K [0x00000000d5580000, 0x00000000e3e80000, 0x0000000100000000)
  eden space 176640K, 0% used [0x00000000d5580000,0x00000000d5580000,0x00000000e0200000)
  from space 10752K, 99% used [0x00000000e0f80000,0x00000000e19fe100,0x00000000e1a00000)
  to   space 13824K, 0% used [0x00000000e0200000,0x00000000e0200000,0x00000000e0f80000)
 ParOldGen       total 53760K, used 13230K [0x0000000080000000, 0x0000000083480000, 0x00000000d5580000)
  object space 53760K, 24% used [0x0000000080000000,0x0000000080ceb9f0,0x0000000083480000)
 Metaspace       used 33883K, capacity 35402K, committed 35496K, reserved 1079296K
  class space    used 4443K, capacity 4766K, committed 4776K, reserved 1048576K
}
Event: 4.583 GC heap before
{Heap before GC invocations=10 (full 2):
 PSYoungGen      total 187392K, used 10744K [0x00000000d5580000, 0x00000000e3e80000, 0x0000000100000000)
  eden space 176640K, 0% used [0x00000000d5580000,0x00000000d5580000,0x00000000e0200000)
  from space 10752K, 99% used [0x00000000e0f80000,0x00000000e19fe100,0x00000000e1a00000)
  to   space 13824K, 0% used [0x00000000e0200000,0x00000000e0200000,0x00000000e0f80000)
 ParOldGen       total 53760K, used 13230K [0x0000000080000000, 0x0000000083480000, 0x00000000d5580000)
  object space 53760K, 24% used [0x0000000080000000,0x0000000080ceb9f0,0x0000000083480000)
 Metaspace       used 33883K, capacity 35402K, committed 35496K, reserved 1079296K
  class space    used 4443K, capacity 4766K, committed 4776K, reserved 1048576K
Event: 4.677 GC heap after
Heap after GC invocations=10 (full 2):
 PSYoungGen      total 187392K, used 0K [0x00000000d5580000, 0x00000000e3e80000, 0x0000000100000000)
  eden space 176640K, 0% used [0x00000000d5580000,0x00000000d5580000,0x00000000e0200000)
  from space 10752K, 0% used [0x00000000e0f80000,0x00000000e0f80000,0x00000000e1a00000)
  to   space 13824K, 0% used [0x00000000e0200000,0x00000000e0200000,0x00000000e0f80000)
 ParOldGen       total 88576K, used 18668K [0x0000000080000000, 0x0000000085680000, 0x00000000d5580000)
  object space 88576K, 21% used [0x0000000080000000,0x000000008123b2d8,0x0000000085680000)
 Metaspace       used 33883K, capacity 35402K, committed 35496K, reserved 1079296K
  class space    used 4443K, capacity 4766K, committed 4776K, reserved 1048576K
}
Event: 7.774 GC heap before
{Heap before GC invocations=11 (full 2):
 PSYoungGen      total 187392K, used 176640K [0x00000000d5580000, 0x00000000e3e80000, 0x0000000100000000)
  eden space 176640K, 100% used [0x00000000d5580000,0x00000000e0200000,0x00000000e0200000)
  from space 10752K, 0% used [0x00000000e0f80000,0x00000000e0f80000,0x00000000e1a00000)
  to   space 13824K, 0% used [0x00000000e0200000,0x00000000e0200000,0x00000000e0f80000)
 ParOldGen       total 88576K, used 18668K [0x0000000080000000, 0x0000000085680000, 0x00000000d5580000)
  object space 88576K, 21% used [0x0000000080000000,0x000000008123b2d8,0x0000000085680000)
 Metaspace       used 51169K, capacity 52956K, committed 53288K, reserved 1095680K
  class space    used 7091K, capacity 7433K, committed 7464K, reserved 1048576K
Event: 7.812 GC heap after
Heap after GC invocations=11 (full 2):
 PSYoungGen      total 190464K, used 13794K [0x00000000d5580000, 0x00000000e5680000, 0x0000000100000000)
  eden space 176640K, 0% used [0x00000000d5580000,0x00000000d5580000,0x00000000e0200000)
  from space 13824K, 99% used [0x00000000e0200000,0x00000000e0f789b0,0x00000000e0f80000)
  to   space 17920K, 0% used [0x00000000e4500000,0x00000000e4500000,0x00000000e5680000)
 ParOldGen       total 88576K, used 25098K [0x0000000080000000, 0x0000000085680000, 0x00000000d5580000)
  object space 88576K, 28% used [0x0000000080000000,0x0000000081882ad0,0x0000000085680000)
 Metaspace       used 51169K, capacity 52956K, committed 53288K, reserved 1095680K
  class space    used 7091K, capacity 7433K, committed 7464K, reserved 1048576K
}

